<?xml version="1.0" encoding="UTF-8"?>
<!-- Generated by org.testng.reporters.JUnitReportReporter -->
<testsuite skipped="0" hostname="DESKTOP-U8N1HGB" name="com.wp.ReadExcelData" tests="1" failures="0" timestamp="02 Oct 2019 19:17:35 GMT" time="27.717" errors="0">
  <testcase name="readCredentials_First" time="27.717" classname="com.wp.ReadExcelData"/>
</testsuite> <!-- com.wp.ReadExcelData -->
