<?xml version="1.0" encoding="UTF-8"?>
<!-- Generated by org.testng.reporters.JUnitReportReporter -->
<testsuite skipped="0" hostname="DESKTOP-U8N1HGB" name="com.wp.FlipKart2" tests="2" failures="0" timestamp="02 Oct 2019 19:23:12 GMT" time="23.831" errors="0">
  <testcase name="login" time="12.083" classname="com.wp.FlipKart2"/>
  <testcase name="sikuliMethod" time="11.748" classname="com.wp.FlipKart2"/>
</testsuite> <!-- com.wp.FlipKart2 -->
